#Packing pin usage report
Type: io
	Input Pin Usage:
		Max: 1.00 (0.50)
		Avg: 0.49 (0.24)
		Min: 0.00 (0.00)
		Histogram:
		[        0:      0.2) 256 (51.1%) |***********************************************
		[      0.2:      0.4)   0 ( 0.0%) |
		[      0.4:      0.6)   0 ( 0.0%) |
		[      0.6:      0.8)   0 ( 0.0%) |
		[      0.8:        1) 245 (48.9%) |*********************************************
		[        1:      1.2)   0 ( 0.0%) |
		[      1.2:      1.4)   0 ( 0.0%) |
		[      1.4:      1.6)   0 ( 0.0%) |
		[      1.6:      1.8)   0 ( 0.0%) |
		[      1.8:        2)   0 ( 0.0%) |
	Output Pin Usage:
		Max: 1.00 (1.00)
		Avg: 0.51 (0.51)
		Min: 0.00 (0.00)
		Histogram:
		[        0:      0.1) 245 (48.9%) |*********************************************
		[      0.1:      0.2)   0 ( 0.0%) |
		[      0.2:      0.3)   0 ( 0.0%) |
		[      0.3:      0.4)   0 ( 0.0%) |
		[      0.4:      0.5)   0 ( 0.0%) |
		[      0.5:      0.6)   0 ( 0.0%) |
		[      0.6:      0.7)   0 ( 0.0%) |
		[      0.7:      0.8)   0 ( 0.0%) |
		[      0.8:      0.9)   0 ( 0.0%) |
		[      0.9:        1) 256 (51.1%) |***********************************************

Type: clb
	Input Pin Usage:
		Max: 4.00 (0.80)
		Avg: 3.69 (0.74)
		Min: 2.00 (0.40)
		Histogram:
		[        0:      0.5)    0 ( 0.0%) |
		[      0.5:        1)    0 ( 0.0%) |
		[        1:      1.5)    0 ( 0.0%) |
		[      1.5:        2)   88 ( 5.5%) |***
		[        2:      2.5)    0 ( 0.0%) |
		[      2.5:        3)  323 (20.3%) |*************
		[        3:      3.5)    0 ( 0.0%) |
		[      3.5:        4) 1180 (74.2%) |**********************************************
		[        4:      4.5)    0 ( 0.0%) |
		[      4.5:        5)    0 ( 0.0%) |
	Output Pin Usage:
		Max: 1.00 (1.00)
		Avg: 1.00 (1.00)
		Min: 1.00 (1.00)
		Histogram:
		[        0:      0.1)    0 ( 0.0%) |
		[      0.1:      0.2)    0 ( 0.0%) |
		[      0.2:      0.3)    0 ( 0.0%) |
		[      0.3:      0.4)    0 ( 0.0%) |
		[      0.4:      0.5)    0 ( 0.0%) |
		[      0.5:      0.6)    0 ( 0.0%) |
		[      0.6:      0.7)    0 ( 0.0%) |
		[      0.7:      0.8)    0 ( 0.0%) |
		[      0.8:      0.9)    0 ( 0.0%) |
		[      0.9:        1) 1591 (100.0%) |**********************************************

